<?xml version="1.0" encoding="UTF-8"?>
<testsuite xmlns:xsi="http://www.w3.org/2001/XMLSchema-instance" xsi:noNamespaceSchemaLocation="https://maven.apache.org/surefire/maven-surefire-plugin/xsd/surefire-test-report.xsd" name="org.musala.cucumber.runner.TestRunner" time="0.853" tests="155" errors="0" skipped="140" failures="0">
  <properties>
[...]
</properties>
  <testcase name="Given open contact page" classname="| test@test |" time="0">
    <skipped/>
  </testcase>
  <testcase name="And user fill the form as fllow" classname="| test@test |" time="0">
    <skipped/>
  </testcase>
  <testcase name="When user click on send" classname="| test@test |" time="0">
    <skipped/>
  </testcase>
  <testcase name="Then error message should be displayed" classname="| test@test |" time="0">
    <skipped/>
  </testcase>
  <testcase name="| test@test |" classname="| test@test |" time="0">
    <skipped/>
  </testcase>
  <testcase name="| test@test |" classname="| test@test |" time="0.067"/>
  <testcase name="Given open contact page" classname="| test.com |" time="0">
    <skipped/>
  </testcase>
  <testcase name="And user fill the form as fllow" classname="| test.com |" time="0">
    <skipped/>
  </testcase>
  <testcase name="When user click on send" classname="| test.com |" time="0">
    <skipped/>
  </testcase>
  <testcase name="Then error message should be displayed" classname="| test.com |" time="0">
    <skipped/>
  </testcase>
  <testcase name="| test.com |" classname="| test.com |" time="0">
    <skipped/>
  </testcase>
  <testcase name="| test.com |" classname="| test.com |" time="0.005"/>
  <testcase name="Given open contact page" classname="| test |" time="0">
    <skipped/>
  </testcase>
  <testcase name="And user fill the form as fllow" classname="| test |" time="0">
    <skipped/>
  </testcase>
  <testcase name="When user click on send" classname="| test |" time="0">
    <skipped/>
  </testcase>
  <testcase name="Then error message should be displayed" classname="| test |" time="0">
    <skipped/>
  </testcase>
  <testcase name="| test |" classname="| test |" time="0">
    <skipped/>
  </testcase>
  <testcase name="| test |" classname="| test |" time="0.003"/>
  <testcase name="Given open contact page" classname="| @test.com |" time="0">
    <skipped/>
  </testcase>
  <testcase name="And user fill the form as fllow" classname="| @test.com |" time="0">
    <skipped/>
  </testcase>
  <testcase name="When user click on send" classname="| @test.com |" time="0">
    <skipped/>
  </testcase>
  <testcase name="Then error message should be displayed" classname="| @test.com |" time="0">
    <skipped/>
  </testcase>
  <testcase name="| @test.com |" classname="| @test.com |" time="0">
    <skipped/>
  </testcase>
  <testcase name="| @test.com |" classname="| @test.com |" time="0.018"/>
  <testcase name="Given open contact page" classname="| .com |" time="0">
    <skipped/>
  </testcase>
  <testcase name="And user fill the form as fllow" classname="| .com |" time="0">
    <skipped/>
  </testcase>
  <testcase name="When user click on send" classname="| .com |" time="0">
    <skipped/>
  </testcase>
  <testcase name="Then error message should be displayed" classname="| .com |" time="0">
    <skipped/>
  </testcase>
  <testcase name="| .com |" classname="| .com |" time="0">
    <skipped/>
  </testcase>
  <testcase name="| .com |" classname="| .com |" time="0.006"/>
  <testcase name="Given open company page" classname="Scenario: Verifying URLs of company and facebook pages and leadership section and Fb picture profile" time="0">
    <skipped/>
  </testcase>
  <testcase name="Then the correct URL is loaded" classname="Scenario: Verifying URLs of company and facebook pages and leadership section and Fb picture profile" time="0">
    <skipped/>
  </testcase>
  <testcase name="And the leadership section is visible" classname="Scenario: Verifying URLs of company and facebook pages and leadership section and Fb picture profile" time="0">
    <skipped/>
  </testcase>
  <testcase name="When user open the facebook link" classname="Scenario: Verifying URLs of company and facebook pages and leadership section and Fb picture profile" time="0">
    <skipped/>
  </testcase>
  <testcase name="Then the facebook URL is loaded" classname="Scenario: Verifying URLs of company and facebook pages and leadership section and Fb picture profile" time="0">
    <skipped/>
  </testcase>
  <testcase name="And the Musala Soft profile picture appears on the new page" classname="Scenario: Verifying URLs of company and facebook pages and leadership section and Fb picture profile" time="0">
    <skipped/>
  </testcase>
  <testcase name="Scenario: Verifying URLs of company and facebook pages and leadership section and Fb picture profile" classname="Scenario: Verifying URLs of company and facebook pages and leadership section and Fb picture profile" time="0">
    <skipped/>
  </testcase>
  <testcase name="Scenario: Verifying URLs of company and facebook pages and leadership section and Fb picture profile" classname="Scenario: Verifying URLs of company and facebook pages and leadership section and Fb picture profile" time="0.008"/>
  <testcase name="Given open careers page" classname="|  | a@dd.com | 00333331 | aaaaa | The field is required. |" time="0">
    <skipped/>
  </testcase>
  <testcase name="And user click on check our open positions button" classname="|  | a@dd.com | 00333331 | aaaaa | The field is required. |" time="0">
    <skipped/>
  </testcase>
  <testcase name="Then the correct URL of join us page is loaded" classname="|  | a@dd.com | 00333331 | aaaaa | The field is required. |" time="0">
    <skipped/>
  </testcase>
  <testcase name="When user select &quot;Anywhere&quot; from location dropdown list" classname="|  | a@dd.com | 00333331 | aaaaa | The field is required. |" time="0">
    <skipped/>
  </testcase>
  <testcase name="And select &quot;Java Developer&quot; position" classname="|  | a@dd.com | 00333331 | aaaaa | The field is required. |" time="0">
    <skipped/>
  </testcase>
  <testcase name="Then the following sections are displayed" classname="|  | a@dd.com | 00333331 | aaaaa | The field is required. |" time="0">
    <skipped/>
  </testcase>
  <testcase name="And the apply button is displayed" classname="|  | a@dd.com | 00333331 | aaaaa | The field is required. |" time="0">
    <skipped/>
  </testcase>
  <testcase name="And user click on apply button" classname="|  | a@dd.com | 00333331 | aaaaa | The field is required. |" time="0">
    <skipped/>
  </testcase>
  <testcase name="And user fill the position form as fllow" classname="|  | a@dd.com | 00333331 | aaaaa | The field is required. |" time="0">
    <skipped/>
  </testcase>
  <testcase name="And Upload &quot;MyCv.pdf&quot; CV" classname="|  | a@dd.com | 00333331 | aaaaa | The field is required. |" time="0">
    <skipped/>
  </testcase>
  <testcase name="When user click on send" classname="|  | a@dd.com | 00333331 | aaaaa | The field is required. |" time="0">
    <skipped/>
  </testcase>
  <testcase name="And user click on close button of the popup" classname="|  | a@dd.com | 00333331 | aaaaa | The field is required. |" time="0">
    <skipped/>
  </testcase>
  <testcase name="Then error messages &quot;The field is required.&quot; should be displayed" classname="|  | a@dd.com | 00333331 | aaaaa | The field is required. |" time="0">
    <skipped/>
  </testcase>
  <testcase name="|  | a@dd.com | 00333331 | aaaaa | The field is required. |" classname="|  | a@dd.com | 00333331 | aaaaa | The field is required. |" time="0">
    <skipped/>
  </testcase>
  <testcase name="|  | a@dd.com | 00333331 | aaaaa | The field is required. |" classname="|  | a@dd.com | 00333331 | aaaaa | The field is required. |" time="0.012"/>
  <testcase name="Given open careers page" classname="| aaa |  | 00222222 | aa11 | The field is required. |" time="0">
    <skipped/>
  </testcase>
  <testcase name="And user click on check our open positions button" classname="| aaa |  | 00222222 | aa11 | The field is required. |" time="0">
    <skipped/>
  </testcase>
  <testcase name="Then the correct URL of join us page is loaded" classname="| aaa |  | 00222222 | aa11 | The field is required. |" time="0">
    <skipped/>
  </testcase>
  <testcase name="When user select &quot;Anywhere&quot; from location dropdown list" classname="| aaa |  | 00222222 | aa11 | The field is required. |" time="0">
    <skipped/>
  </testcase>
  <testcase name="And select &quot;Java Developer&quot; position" classname="| aaa |  | 00222222 | aa11 | The field is required. |" time="0">
    <skipped/>
  </testcase>
  <testcase name="Then the following sections are displayed" classname="| aaa |  | 00222222 | aa11 | The field is required. |" time="0">
    <skipped/>
  </testcase>
  <testcase name="And the apply button is displayed" classname="| aaa |  | 00222222 | aa11 | The field is required. |" time="0">
    <skipped/>
  </testcase>
  <testcase name="And user click on apply button" classname="| aaa |  | 00222222 | aa11 | The field is required. |" time="0">
    <skipped/>
  </testcase>
  <testcase name="And user fill the position form as fllow" classname="| aaa |  | 00222222 | aa11 | The field is required. |" time="0">
    <skipped/>
  </testcase>
  <testcase name="And Upload &quot;MyCv.pdf&quot; CV" classname="| aaa |  | 00222222 | aa11 | The field is required. |" time="0">
    <skipped/>
  </testcase>
  <testcase name="When user click on send" classname="| aaa |  | 00222222 | aa11 | The field is required. |" time="0">
    <skipped/>
  </testcase>
  <testcase name="And user click on close button of the popup" classname="| aaa |  | 00222222 | aa11 | The field is required. |" time="0">
    <skipped/>
  </testcase>
  <testcase name="Then error messages &quot;The field is required.&quot; should be displayed" classname="| aaa |  | 00222222 | aa11 | The field is required. |" time="0">
    <skipped/>
  </testcase>
  <testcase name="| aaa |  | 00222222 | aa11 | The field is required. |" classname="| aaa |  | 00222222 | aa11 | The field is required. |" time="0">
    <skipped/>
  </testcase>
  <testcase name="| aaa |  | 00222222 | aa11 | The field is required. |" classname="| aaa |  | 00222222 | aa11 | The field is required. |" time="0.008"/>
  <testcase name="Given open careers page" classname="| aa11 | a_b@cd.ca |  | aa@@ | The field is required. |" time="0">
    <skipped/>
  </testcase>
  <testcase name="And user click on check our open positions button" classname="| aa11 | a_b@cd.ca |  | aa@@ | The field is required. |" time="0">
    <skipped/>
  </testcase>
  <testcase name="Then the correct URL of join us page is loaded" classname="| aa11 | a_b@cd.ca |  | aa@@ | The field is required. |" time="0">
    <skipped/>
  </testcase>
  <testcase name="When user select &quot;Anywhere&quot; from location dropdown list" classname="| aa11 | a_b@cd.ca |  | aa@@ | The field is required. |" time="0">
    <skipped/>
  </testcase>
  <testcase name="And select &quot;Java Developer&quot; position" classname="| aa11 | a_b@cd.ca |  | aa@@ | The field is required. |" time="0">
    <skipped/>
  </testcase>
  <testcase name="Then the following sections are displayed" classname="| aa11 | a_b@cd.ca |  | aa@@ | The field is required. |" time="0">
    <skipped/>
  </testcase>
  <testcase name="And the apply button is displayed" classname="| aa11 | a_b@cd.ca |  | aa@@ | The field is required. |" time="0">
    <skipped/>
  </testcase>
  <testcase name="And user click on apply button" classname="| aa11 | a_b@cd.ca |  | aa@@ | The field is required. |" time="0">
    <skipped/>
  </testcase>
  <testcase name="And user fill the position form as fllow" classname="| aa11 | a_b@cd.ca |  | aa@@ | The field is required. |" time="0">
    <skipped/>
  </testcase>
  <testcase name="And Upload &quot;MyCv.pdf&quot; CV" classname="| aa11 | a_b@cd.ca |  | aa@@ | The field is required. |" time="0">
    <skipped/>
  </testcase>
  <testcase name="When user click on send" classname="| aa11 | a_b@cd.ca |  | aa@@ | The field is required. |" time="0">
    <skipped/>
  </testcase>
  <testcase name="And user click on close button of the popup" classname="| aa11 | a_b@cd.ca |  | aa@@ | The field is required. |" time="0">
    <skipped/>
  </testcase>
  <testcase name="Then error messages &quot;The field is required.&quot; should be displayed" classname="| aa11 | a_b@cd.ca |  | aa@@ | The field is required. |" time="0">
    <skipped/>
  </testcase>
  <testcase name="| aa11 | a_b@cd.ca |  | aa@@ | The field is required. |" classname="| aa11 | a_b@cd.ca |  | aa@@ | The field is required. |" time="0">
    <skipped/>
  </testcase>
  <testcase name="| aa11 | a_b@cd.ca |  | aa@@ | The field is required. |" classname="| aa11 | a_b@cd.ca |  | aa@@ | The field is required. |" time="0.026"/>
  <testcase name="Given open careers page" classname="| aa@2 | a1@a1.org | 0123456789 |  | The field is required. |" time="0">
    <skipped/>
  </testcase>
  <testcase name="And user click on check our open positions button" classname="| aa@2 | a1@a1.org | 0123456789 |  | The field is required. |" time="0">
    <skipped/>
  </testcase>
  <testcase name="Then the correct URL of join us page is loaded" classname="| aa@2 | a1@a1.org | 0123456789 |  | The field is required. |" time="0">
    <skipped/>
  </testcase>
  <testcase name="When user select &quot;Anywhere&quot; from location dropdown list" classname="| aa@2 | a1@a1.org | 0123456789 |  | The field is required. |" time="0">
    <skipped/>
  </testcase>
  <testcase name="And select &quot;Java Developer&quot; position" classname="| aa@2 | a1@a1.org | 0123456789 |  | The field is required. |" time="0">
    <skipped/>
  </testcase>
  <testcase name="Then the following sections are displayed" classname="| aa@2 | a1@a1.org | 0123456789 |  | The field is required. |" time="0">
    <skipped/>
  </testcase>
  <testcase name="And the apply button is displayed" classname="| aa@2 | a1@a1.org | 0123456789 |  | The field is required. |" time="0">
    <skipped/>
  </testcase>
  <testcase name="And user click on apply button" classname="| aa@2 | a1@a1.org | 0123456789 |  | The field is required. |" time="0">
    <skipped/>
  </testcase>
  <testcase name="And user fill the position form as fllow" classname="| aa@2 | a1@a1.org | 0123456789 |  | The field is required. |" time="0">
    <skipped/>
  </testcase>
  <testcase name="And Upload &quot;MyCv.pdf&quot; CV" classname="| aa@2 | a1@a1.org | 0123456789 |  | The field is required. |" time="0">
    <skipped/>
  </testcase>
  <testcase name="When user click on send" classname="| aa@2 | a1@a1.org | 0123456789 |  | The field is required. |" time="0">
    <skipped/>
  </testcase>
  <testcase name="And user click on close button of the popup" classname="| aa@2 | a1@a1.org | 0123456789 |  | The field is required. |" time="0">
    <skipped/>
  </testcase>
  <testcase name="Then error messages &quot;The field is required.&quot; should be displayed" classname="| aa@2 | a1@a1.org | 0123456789 |  | The field is required. |" time="0">
    <skipped/>
  </testcase>
  <testcase name="| aa@2 | a1@a1.org | 0123456789 |  | The field is required. |" classname="| aa@2 | a1@a1.org | 0123456789 |  | The field is required. |" time="0">
    <skipped/>
  </testcase>
  <testcase name="| aa@2 | a1@a1.org | 0123456789 |  | The field is required. |" classname="| aa@2 | a1@a1.org | 0123456789 |  | The field is required. |" time="0.013"/>
  <testcase name="Given open careers page" classname="| aa#3 | a@a | 110222099 | 11111 | The e-mail address entered is invalid. |" time="0">
    <skipped/>
  </testcase>
  <testcase name="And user click on check our open positions button" classname="| aa#3 | a@a | 110222099 | 11111 | The e-mail address entered is invalid. |" time="0">
    <skipped/>
  </testcase>
  <testcase name="Then the correct URL of join us page is loaded" classname="| aa#3 | a@a | 110222099 | 11111 | The e-mail address entered is invalid. |" time="0">
    <skipped/>
  </testcase>
  <testcase name="When user select &quot;Anywhere&quot; from location dropdown list" classname="| aa#3 | a@a | 110222099 | 11111 | The e-mail address entered is invalid. |" time="0">
    <skipped/>
  </testcase>
  <testcase name="And select &quot;Java Developer&quot; position" classname="| aa#3 | a@a | 110222099 | 11111 | The e-mail address entered is invalid. |" time="0">
    <skipped/>
  </testcase>
  <testcase name="Then the following sections are displayed" classname="| aa#3 | a@a | 110222099 | 11111 | The e-mail address entered is invalid. |" time="0">
    <skipped/>
  </testcase>
  <testcase name="And the apply button is displayed" classname="| aa#3 | a@a | 110222099 | 11111 | The e-mail address entered is invalid. |" time="0">
    <skipped/>
  </testcase>
  <testcase name="And user click on apply button" classname="| aa#3 | a@a | 110222099 | 11111 | The e-mail address entered is invalid. |" time="0">
    <skipped/>
  </testcase>
  <testcase name="And user fill the position form as fllow" classname="| aa#3 | a@a | 110222099 | 11111 | The e-mail address entered is invalid. |" time="0">
    <skipped/>
  </testcase>
  <testcase name="And Upload &quot;MyCv.pdf&quot; CV" classname="| aa#3 | a@a | 110222099 | 11111 | The e-mail address entered is invalid. |" time="0">
    <skipped/>
  </testcase>
  <testcase name="When user click on send" classname="| aa#3 | a@a | 110222099 | 11111 | The e-mail address entered is invalid. |" time="0">
    <skipped/>
  </testcase>
  <testcase name="And user click on close button of the popup" classname="| aa#3 | a@a | 110222099 | 11111 | The e-mail address entered is invalid. |" time="0">
    <skipped/>
  </testcase>
  <testcase name="Then error messages &quot;The e-mail address entered is invalid.&quot; should be displayed" classname="| aa#3 | a@a | 110222099 | 11111 | The e-mail address entered is invalid. |" time="0">
    <skipped/>
  </testcase>
  <testcase name="| aa#3 | a@a | 110222099 | 11111 | The e-mail address entered is invalid. |" classname="| aa#3 | a@a | 110222099 | 11111 | The e-mail address entered is invalid. |" time="0">
    <skipped/>
  </testcase>
  <testcase name="| aa#3 | a@a | 110222099 | 11111 | The e-mail address entered is invalid. |" classname="| aa#3 | a@a | 110222099 | 11111 | The e-mail address entered is invalid. |" time="0.01"/>
  <testcase name="Given open careers page" classname="| aa aa | a@a.ca | @@@ | @@@@@ | The telephone number is invalid. |" time="0">
    <skipped/>
  </testcase>
  <testcase name="And user click on check our open positions button" classname="| aa aa | a@a.ca | @@@ | @@@@@ | The telephone number is invalid. |" time="0">
    <skipped/>
  </testcase>
  <testcase name="Then the correct URL of join us page is loaded" classname="| aa aa | a@a.ca | @@@ | @@@@@ | The telephone number is invalid. |" time="0">
    <skipped/>
  </testcase>
  <testcase name="When user select &quot;Anywhere&quot; from location dropdown list" classname="| aa aa | a@a.ca | @@@ | @@@@@ | The telephone number is invalid. |" time="0">
    <skipped/>
  </testcase>
  <testcase name="And select &quot;Java Developer&quot; position" classname="| aa aa | a@a.ca | @@@ | @@@@@ | The telephone number is invalid. |" time="0">
    <skipped/>
  </testcase>
  <testcase name="Then the following sections are displayed" classname="| aa aa | a@a.ca | @@@ | @@@@@ | The telephone number is invalid. |" time="0">
    <skipped/>
  </testcase>
  <testcase name="And the apply button is displayed" classname="| aa aa | a@a.ca | @@@ | @@@@@ | The telephone number is invalid. |" time="0">
    <skipped/>
  </testcase>
  <testcase name="And user click on apply button" classname="| aa aa | a@a.ca | @@@ | @@@@@ | The telephone number is invalid. |" time="0">
    <skipped/>
  </testcase>
  <testcase name="And user fill the position form as fllow" classname="| aa aa | a@a.ca | @@@ | @@@@@ | The telephone number is invalid. |" time="0">
    <skipped/>
  </testcase>
  <testcase name="And Upload &quot;MyCv.pdf&quot; CV" classname="| aa aa | a@a.ca | @@@ | @@@@@ | The telephone number is invalid. |" time="0">
    <skipped/>
  </testcase>
  <testcase name="When user click on send" classname="| aa aa | a@a.ca | @@@ | @@@@@ | The telephone number is invalid. |" time="0">
    <skipped/>
  </testcase>
  <testcase name="And user click on close button of the popup" classname="| aa aa | a@a.ca | @@@ | @@@@@ | The telephone number is invalid. |" time="0">
    <skipped/>
  </testcase>
  <testcase name="Then error messages &quot;The telephone number is invalid.&quot; should be displayed" classname="| aa aa | a@a.ca | @@@ | @@@@@ | The telephone number is invalid. |" time="0">
    <skipped/>
  </testcase>
  <testcase name="| aa aa | a@a.ca | @@@ | @@@@@ | The telephone number is invalid. |" classname="| aa aa | a@a.ca | @@@ | @@@@@ | The telephone number is invalid. |" time="0">
    <skipped/>
  </testcase>
  <testcase name="| aa aa | a@a.ca | @@@ | @@@@@ | The telephone number is invalid. |" classname="| aa aa | a@a.ca | @@@ | @@@@@ | The telephone number is invalid. |" time="0.009"/>
  <testcase name="Given open careers page" classname="| a b c | a@a.net | aaaa | as | The telephone number is invalid. |" time="0">
    <skipped/>
  </testcase>
  <testcase name="And user click on check our open positions button" classname="| a b c | a@a.net | aaaa | as | The telephone number is invalid. |" time="0">
    <skipped/>
  </testcase>
  <testcase name="Then the correct URL of join us page is loaded" classname="| a b c | a@a.net | aaaa | as | The telephone number is invalid. |" time="0">
    <skipped/>
  </testcase>
  <testcase name="When user select &quot;Anywhere&quot; from location dropdown list" classname="| a b c | a@a.net | aaaa | as | The telephone number is invalid. |" time="0">
    <skipped/>
  </testcase>
  <testcase name="And select &quot;Java Developer&quot; position" classname="| a b c | a@a.net | aaaa | as | The telephone number is invalid. |" time="0">
    <skipped/>
  </testcase>
  <testcase name="Then the following sections are displayed" classname="| a b c | a@a.net | aaaa | as | The telephone number is invalid. |" time="0">
    <skipped/>
  </testcase>
  <testcase name="And the apply button is displayed" classname="| a b c | a@a.net | aaaa | as | The telephone number is invalid. |" time="0">
    <skipped/>
  </testcase>
  <testcase name="And user click on apply button" classname="| a b c | a@a.net | aaaa | as | The telephone number is invalid. |" time="0">
    <skipped/>
  </testcase>
  <testcase name="And user fill the position form as fllow" classname="| a b c | a@a.net | aaaa | as | The telephone number is invalid. |" time="0">
    <skipped/>
  </testcase>
  <testcase name="And Upload &quot;MyCv.pdf&quot; CV" classname="| a b c | a@a.net | aaaa | as | The telephone number is invalid. |" time="0">
    <skipped/>
  </testcase>
  <testcase name="When user click on send" classname="| a b c | a@a.net | aaaa | as | The telephone number is invalid. |" time="0">
    <skipped/>
  </testcase>
  <testcase name="And user click on close button of the popup" classname="| a b c | a@a.net | aaaa | as | The telephone number is invalid. |" time="0">
    <skipped/>
  </testcase>
  <testcase name="Then error messages &quot;The telephone number is invalid.&quot; should be displayed" classname="| a b c | a@a.net | aaaa | as | The telephone number is invalid. |" time="0">
    <skipped/>
  </testcase>
  <testcase name="| a b c | a@a.net | aaaa | as | The telephone number is invalid. |" classname="| a b c | a@a.net | aaaa | as | The telephone number is invalid. |" time="0">
    <skipped/>
  </testcase>
  <testcase name="| a b c | a@a.net | aaaa | as | The telephone number is invalid. |" classname="| a b c | a@a.net | aaaa | as | The telephone number is invalid. |" time="0.021"/>
  <testcase name="Given open careers page" classname="| Sofia |" time="0">
    <skipped/>
  </testcase>
  <testcase name="And user click on check our open positions button" classname="| Sofia |" time="0">
    <skipped/>
  </testcase>
  <testcase name="When user select &quot;Sofia&quot; from location dropdown list" classname="| Sofia |" time="0">
    <skipped/>
  </testcase>
  <testcase name="And print opened positions for &quot;Sofia&quot; city" classname="| Sofia |" time="0">
    <skipped/>
  </testcase>
  <testcase name="| Sofia |" classname="| Sofia |" time="0">
    <skipped/>
  </testcase>
  <testcase name="| Sofia |" classname="| Sofia |" time="0"/>
  <testcase name="Given open careers page" classname="| Skopje |" time="0">
    <skipped/>
  </testcase>
  <testcase name="And user click on check our open positions button" classname="| Skopje |" time="0">
    <skipped/>
  </testcase>
  <testcase name="When user select &quot;Skopje&quot; from location dropdown list" classname="| Skopje |" time="0">
    <skipped/>
  </testcase>
  <testcase name="And print opened positions for &quot;Skopje&quot; city" classname="| Skopje |" time="0">
    <skipped/>
  </testcase>
  <testcase name="| Skopje |" classname="| Skopje |" time="0">
    <skipped/>
  </testcase>
  <testcase name="| Skopje |" classname="| Skopje |" time="0.003"/>
</testsuite>